# JRE version: OpenJDK Runtime Environment Microsoft-28056 (17.0.1+12) (build 17.0.1+12-LTS)
# Java VM: OpenJDK 64-Bit Server VM Microsoft-28056 (17.0.1+12-LTS, mixed mode, tiered, compressed oops, compressed class ptrs, g1 gc, windows-amd64)
GC Precious Log:
 CPUs: 16 total, 16 available
 Memory: 15772M
 Large Page Support: Disabled
 NUMA Support: Disabled
 Compressed Oops: Enabled (Zero based)
 Heap Region Size: 32M
 Heap Min Capacity: 32M
 Heap Initial Capacity: 256M
 Heap Max Capacity: 12736M
 Pre-touch: Disabled
 Parallel Workers: 13
 Concurrent Workers: 3
 Concurrent Refinement Workers: 13
 Periodic GC: Disabled
Heap:
 garbage-first heap   total 8945664K, used 3639405K [0x00000004e4000000, 0x0000000800000000)
  region size 32768K, 3 young (98304K), 3 survivors (98304K)
 Metaspace       used 151702K, committed 153472K, reserved 1187840K
  class space    used 19536K, committed 20352K, reserved 1048576K
GC Heap History (20 events):
Event: 6231.459 GC heap after
{Heap after GC invocations=432 (full 0):
 garbage-first heap   total 8945664K, used 2857581K [0x00000004e4000000, 0x0000000800000000)
  region size 32768K, 4 young (131072K), 4 survivors (131072K)
 Metaspace       used 151657K, committed 153472K, reserved 1187840K
  class space    used 19535K, committed 20352K, reserved 1048576K
}
Event: 6233.713 GC heap before
{Heap before GC invocations=432 (full 0):
 garbage-first heap   total 8945664K, used 4495981K [0x00000004e4000000, 0x0000000800000000)
  region size 32768K, 54 young (1769472K), 4 survivors (131072K)
 Metaspace       used 151663K, committed 153472K, reserved 1187840K
  class space    used 19535K, committed 20352K, reserved 1048576K
}
Event: 6234.247 GC heap after
{Heap after GC invocations=433 (full 0):
 garbage-first heap   total 8945664K, used 3148556K [0x00000004e4000000, 0x0000000800000000)
  region size 32768K, 7 young (229376K), 7 survivors (229376K)
 Metaspace       used 151663K, committed 153472K, reserved 1187840K
  class space    used 19535K, committed 20352K, reserved 1048576K
}
Event: 6235.512 GC heap before
{Heap before GC invocations=433 (full 0):
 garbage-first heap   total 8945664K, used 4688652K [0x00000004e4000000, 0x0000000800000000)
  region size 32768K, 54 young (1769472K), 7 survivors (229376K)
 Metaspace       used 151663K, committed 153472K, reserved 1187840K
  class space    used 19535K, committed 20352K, reserved 1048576K
}
Event: 6235.816 GC heap after
{Heap after GC invocations=434 (full 0):
 garbage-first heap   total 8945664K, used 3194490K [0x00000004e4000000, 0x0000000800000000)
  region size 32768K, 2 young (65536K), 2 survivors (65536K)
 Metaspace       used 151663K, committed 153472K, reserved 1187840K
  class space    used 19535K, committed 20352K, reserved 1048576K
}
Event: 6237.395 GC heap before
{Heap before GC invocations=434 (full 0):
 garbage-first heap   total 8945664K, used 4898426K [0x00000004e4000000, 0x0000000800000000)
  region size 32768K, 54 young (1769472K), 2 survivors (65536K)
 Metaspace       used 151663K, committed 153472K, reserved 1187840K
  class space    used 19535K, committed 20352K, reserved 1048576K
}
Event: 6237.433 GC heap after
{Heap after GC invocations=435 (full 0):
 garbage-first heap   total 8945664K, used 3216568K [0x00000004e4000000, 0x0000000800000000)
  region size 32768K, 3 young (98304K), 3 survivors (98304K)
 Metaspace       used 151663K, committed 153472K, reserved 1187840K
  class space    used 19535K, committed 20352K, reserved 1048576K
}
Event: 6243.196 GC heap before
{Heap before GC invocations=435 (full 0):
 garbage-first heap   total 8945664K, used 4854968K [0x00000004e4000000, 0x0000000800000000)
  region size 32768K, 54 young (1769472K), 3 survivors (98304K)
 Metaspace       used 151672K, committed 153472K, reserved 1187840K
  class space    used 19536K, committed 20352K, reserved 1048576K
}
Event: 6243.251 GC heap after
{Heap after GC invocations=436 (full 0):
 garbage-first heap   total 8945664K, used 3244909K [0x00000004e4000000, 0x0000000800000000)
  region size 32768K, 3 young (98304K), 3 survivors (98304K)
 Metaspace       used 151672K, committed 153472K, reserved 1187840K
  class space    used 19536K, committed 20352K, reserved 1048576K
}
Event: 6256.378 GC heap before
{Heap before GC invocations=436 (full 0):
 garbage-first heap   total 8945664K, used 4916077K [0x00000004e4000000, 0x0000000800000000)
  region size 32768K, 54 young (1769472K), 3 survivors (98304K)
 Metaspace       used 151674K, committed 153472K, reserved 1187840K
  class space    used 19536K, committed 20352K, reserved 1048576K
}
Event: 6256.425 GC heap after
{Heap after GC invocations=437 (full 0):
 garbage-first heap   total 8945664K, used 3252661K [0x00000004e4000000, 0x0000000800000000)
  region size 32768K, 4 young (131072K), 4 survivors (131072K)
 Metaspace       used 151674K, committed 153472K, reserved 1187840K
  class space    used 19536K, committed 20352K, reserved 1048576K
}
Event: 6272.292 GC heap before
{Heap before GC invocations=437 (full 0):
 garbage-first heap   total 8945664K, used 4891061K [0x00000004e4000000, 0x0000000800000000)
  region size 32768K, 54 young (1769472K), 4 survivors (131072K)
 Metaspace       used 151683K, committed 153472K, reserved 1187840K
  class space    used 19536K, committed 20352K, reserved 1048576K
}
Event: 6272.344 GC heap after
{Heap after GC invocations=438 (full 0):
 garbage-first heap   total 8945664K, used 3254835K [0x00000004e4000000, 0x0000000800000000)
  region size 32768K, 4 young (131072K), 4 survivors (131072K)
 Metaspace       used 151683K, committed 153472K, reserved 1187840K
  class space    used 19536K, committed 20352K, reserved 1048576K
}
Event: 6358.528 GC heap before
{Heap before GC invocations=438 (full 0):
 garbage-first heap   total 8945664K, used 4893235K [0x00000004e4000000, 0x0000000800000000)
  region size 32768K, 54 young (1769472K), 4 survivors (131072K)
 Metaspace       used 151690K, committed 153472K, reserved 1187840K
  class space    used 19536K, committed 20352K, reserved 1048576K
}
Event: 6358.583 GC heap after
{Heap after GC invocations=439 (full 0):
 garbage-first heap   total 8945664K, used 3255276K [0x00000004e4000000, 0x0000000800000000)
  region size 32768K, 4 young (131072K), 4 survivors (131072K)
 Metaspace       used 151690K, committed 153472K, reserved 1187840K
  class space    used 19536K, committed 20352K, reserved 1048576K
}
Event: 6361.246 GC heap before
{Heap before GC invocations=439 (full 0):
 garbage-first heap   total 8945664K, used 4893676K [0x00000004e4000000, 0x0000000800000000)
  region size 32768K, 54 young (1769472K), 4 survivors (131072K)
 Metaspace       used 151702K, committed 153472K, reserved 1187840K
  class space    used 19536K, committed 20352K, reserved 1048576K
}
Event: 6361.718 GC heap after
{Heap after GC invocations=440 (full 0):
 garbage-first heap   total 8945664K, used 3565544K [0x00000004e4000000, 0x0000000800000000)
  region size 32768K, 7 young (229376K), 7 survivors (229376K)
 Metaspace       used 151702K, committed 153472K, reserved 1187840K
  class space    used 19536K, committed 20352K, reserved 1048576K
}
Event: 6362.989 GC heap before
{Heap before GC invocations=440 (full 0):
 garbage-first heap   total 8945664K, used 5105640K [0x00000004e4000000, 0x0000000800000000)
  region size 32768K, 54 young (1769472K), 7 survivors (229376K)
 Metaspace       used 151702K, committed 153472K, reserved 1187840K
  class space    used 19536K, committed 20352K, reserved 1048576K
}
Event: 6363.176 GC heap after
{Heap after GC invocations=441 (full 0):
 garbage-first heap   total 8945664K, used 3629694K [0x00000004e4000000, 0x0000000800000000)
  region size 32768K, 2 young (65536K), 2 survivors (65536K)
 Metaspace       used 151702K, committed 153472K, reserved 1187840K
  class space    used 19536K, committed 20352K, reserved 1048576K
}
Event: 6364.568 GC heap before
{Heap before GC invocations=441 (full 0):
 garbage-first heap   total 8945664K, used 5333630K [0x00000004e4000000, 0x0000000800000000)
  region size 32768K, 54 young (1769472K), 2 survivors (65536K)
 Metaspace       used 151702K, committed 153472K, reserved 1187840K
  class space    used 19536K, committed 20352K, reserved 1048576K
}

