# JRE version: OpenJDK Runtime Environment Microsoft-28056 (17.0.1+12) (build 17.0.1+12-LTS)
# Java VM: OpenJDK 64-Bit Server VM Microsoft-28056 (17.0.1+12-LTS, mixed mode, tiered, compressed oops, compressed class ptrs, g1 gc, windows-amd64)
GC Precious Log:
 CPUs: 16 total, 16 available
 Memory: 15772M
 Large Page Support: Disabled
 NUMA Support: Disabled
 Compressed Oops: Enabled (Zero based)
 Heap Region Size: 32M
 Heap Min Capacity: 32M
 Heap Initial Capacity: 256M
 Heap Max Capacity: 9696M
 Pre-touch: Disabled
 Parallel Workers: 13
 Concurrent Workers: 3
 Concurrent Refinement Workers: 13
 Periodic GC: Disabled
Heap:
 garbage-first heap   total 3080192K, used 1381278K [0x00000005a2000000, 0x0000000800000000)
  region size 32768K, 17 young (557056K), 2 survivors (65536K)
 Metaspace       used 151164K, committed 152960K, reserved 1187840K
  class space    used 19359K, committed 20160K, reserved 1048576K
GC Heap History (20 events):
Event: 3322.971 GC heap before
{Heap before GC invocations=537 (full 0):
 garbage-first heap   total 3080192K, used 2322630K [0x00000005a2000000, 0x0000000800000000)
  region size 32768K, 46 young (1507328K), 3 survivors (98304K)
 Metaspace       used 151127K, committed 152896K, reserved 1187840K
  class space    used 19359K, committed 20160K, reserved 1048576K
}
Event: 3323.001 GC heap after
{Heap after GC invocations=538 (full 0):
 garbage-first heap   total 3080192K, used 917506K [0x00000005a2000000, 0x0000000800000000)
  region size 32768K, 3 young (98304K), 3 survivors (98304K)
 Metaspace       used 151127K, committed 152896K, reserved 1187840K
  class space    used 19359K, committed 20160K, reserved 1048576K
}
Event: 3324.329 GC heap before
{Heap before GC invocations=538 (full 0):
 garbage-first heap   total 3080192K, used 2326530K [0x00000005a2000000, 0x0000000800000000)
  region size 32768K, 46 young (1507328K), 3 survivors (98304K)
 Metaspace       used 151136K, committed 152896K, reserved 1187840K
  class space    used 19359K, committed 20160K, reserved 1048576K
}
Event: 3324.355 GC heap after
{Heap after GC invocations=539 (full 0):
 garbage-first heap   total 3080192K, used 913457K [0x00000005a2000000, 0x0000000800000000)
  region size 32768K, 3 young (98304K), 3 survivors (98304K)
 Metaspace       used 151136K, committed 152896K, reserved 1187840K
  class space    used 19359K, committed 20160K, reserved 1048576K
}
Event: 3327.628 GC heap before
{Heap before GC invocations=539 (full 0):
 garbage-first heap   total 3080192K, used 2322481K [0x00000005a2000000, 0x0000000800000000)
  region size 32768K, 46 young (1507328K), 3 survivors (98304K)
 Metaspace       used 151137K, committed 152896K, reserved 1187840K
  class space    used 19359K, committed 20160K, reserved 1048576K
}
Event: 3327.657 GC heap after
{Heap after GC invocations=540 (full 0):
 garbage-first heap   total 3080192K, used 918529K [0x00000005a2000000, 0x0000000800000000)
  region size 32768K, 3 young (98304K), 3 survivors (98304K)
 Metaspace       used 151137K, committed 152896K, reserved 1187840K
  class space    used 19359K, committed 20160K, reserved 1048576K
}
Event: 3329.317 GC heap before
{Heap before GC invocations=540 (full 0):
 garbage-first heap   total 3080192K, used 2327553K [0x00000005a2000000, 0x0000000800000000)
  region size 32768K, 46 young (1507328K), 3 survivors (98304K)
 Metaspace       used 151138K, committed 152896K, reserved 1187840K
  class space    used 19359K, committed 20160K, reserved 1048576K
}
Event: 3329.344 GC heap after
{Heap after GC invocations=541 (full 0):
 garbage-first heap   total 3080192K, used 919916K [0x00000005a2000000, 0x0000000800000000)
  region size 32768K, 3 young (98304K), 3 survivors (98304K)
 Metaspace       used 151138K, committed 152896K, reserved 1187840K
  class space    used 19359K, committed 20160K, reserved 1048576K
}
Event: 3344.944 GC heap before
{Heap before GC invocations=541 (full 0):
 garbage-first heap   total 3080192K, used 2328940K [0x00000005a2000000, 0x0000000800000000)
  region size 32768K, 46 young (1507328K), 3 survivors (98304K)
 Metaspace       used 151138K, committed 152896K, reserved 1187840K
  class space    used 19359K, committed 20160K, reserved 1048576K
}
Event: 3344.969 GC heap after
{Heap after GC invocations=542 (full 0):
 garbage-first heap   total 3080192K, used 914947K [0x00000005a2000000, 0x0000000800000000)
  region size 32768K, 3 young (98304K), 3 survivors (98304K)
 Metaspace       used 151138K, committed 152896K, reserved 1187840K
  class space    used 19359K, committed 20160K, reserved 1048576K
}
Event: 3349.095 GC heap before
{Heap before GC invocations=542 (full 0):
 garbage-first heap   total 3080192K, used 2323971K [0x00000005a2000000, 0x0000000800000000)
  region size 32768K, 46 young (1507328K), 3 survivors (98304K)
 Metaspace       used 151138K, committed 152896K, reserved 1187840K
  class space    used 19359K, committed 20160K, reserved 1048576K
}
Event: 3349.118 GC heap after
{Heap after GC invocations=543 (full 0):
 garbage-first heap   total 3080192K, used 915256K [0x00000005a2000000, 0x0000000800000000)
  region size 32768K, 3 young (98304K), 3 survivors (98304K)
 Metaspace       used 151138K, committed 152896K, reserved 1187840K
  class space    used 19359K, committed 20160K, reserved 1048576K
}
Event: 3359.415 GC heap before
{Heap before GC invocations=543 (full 0):
 garbage-first heap   total 3080192K, used 2324280K [0x00000005a2000000, 0x0000000800000000)
  region size 32768K, 46 young (1507328K), 3 survivors (98304K)
 Metaspace       used 151138K, committed 152896K, reserved 1187840K
  class space    used 19359K, committed 20160K, reserved 1048576K
}
Event: 3359.439 GC heap after
{Heap after GC invocations=544 (full 0):
 garbage-first heap   total 3080192K, used 917189K [0x00000005a2000000, 0x0000000800000000)
  region size 32768K, 3 young (98304K), 3 survivors (98304K)
 Metaspace       used 151138K, committed 152896K, reserved 1187840K
  class space    used 19359K, committed 20160K, reserved 1048576K
}
Event: 3361.170 GC heap before
{Heap before GC invocations=544 (full 0):
 garbage-first heap   total 3080192K, used 2326213K [0x00000005a2000000, 0x0000000800000000)
  region size 32768K, 46 young (1507328K), 3 survivors (98304K)
 Metaspace       used 151138K, committed 152896K, reserved 1187840K
  class space    used 19359K, committed 20160K, reserved 1048576K
}
Event: 3361.196 GC heap after
{Heap after GC invocations=545 (full 0):
 garbage-first heap   total 3080192K, used 914764K [0x00000005a2000000, 0x0000000800000000)
  region size 32768K, 2 young (65536K), 2 survivors (65536K)
 Metaspace       used 151138K, committed 152896K, reserved 1187840K
  class space    used 19359K, committed 20160K, reserved 1048576K
}
Event: 3373.287 GC heap before
{Heap before GC invocations=545 (full 0):
 garbage-first heap   total 3080192K, used 2356556K [0x00000005a2000000, 0x0000000800000000)
  region size 32768K, 46 young (1507328K), 2 survivors (65536K)
 Metaspace       used 151145K, committed 152896K, reserved 1187840K
  class space    used 19359K, committed 20160K, reserved 1048576K
}
Event: 3373.307 GC heap after
{Heap after GC invocations=546 (full 0):
 garbage-first heap   total 3080192K, used 914558K [0x00000005a2000000, 0x0000000800000000)
  region size 32768K, 2 young (65536K), 2 survivors (65536K)
 Metaspace       used 151145K, committed 152896K, reserved 1187840K
  class space    used 19359K, committed 20160K, reserved 1048576K
}
Event: 3387.816 GC heap before
{Heap before GC invocations=546 (full 0):
 garbage-first heap   total 3080192K, used 2356350K [0x00000005a2000000, 0x0000000800000000)
  region size 32768K, 46 young (1507328K), 2 survivors (65536K)
 Metaspace       used 151162K, committed 152960K, reserved 1187840K
  class space    used 19359K, committed 20160K, reserved 1048576K
}
Event: 3387.835 GC heap after
{Heap after GC invocations=547 (full 0):
 garbage-first heap   total 3080192K, used 922526K [0x00000005a2000000, 0x0000000800000000)
  region size 32768K, 2 young (65536K), 2 survivors (65536K)
 Metaspace       used 151162K, committed 152960K, reserved 1187840K
  class space    used 19359K, committed 20160K, reserved 1048576K
}

