# JRE version: OpenJDK Runtime Environment Microsoft-28056 (17.0.1+12) (build 17.0.1+12-LTS)
# Java VM: OpenJDK 64-Bit Server VM Microsoft-28056 (17.0.1+12-LTS, mixed mode, tiered, compressed oops, compressed class ptrs, g1 gc, windows-amd64)
GC Precious Log:
 CPUs: 16 total, 16 available
 Memory: 15772M
 Large Page Support: Disabled
 NUMA Support: Disabled
 Compressed Oops: Enabled (Zero based)
 Heap Region Size: 32M
 Heap Min Capacity: 32M
 Heap Initial Capacity: 256M
 Heap Max Capacity: 9696M
 Pre-touch: Disabled
 Parallel Workers: 13
 Concurrent Workers: 3
 Concurrent Refinement Workers: 13
 Periodic GC: Disabled
Heap:
 garbage-first heap   total 5406720K, used 2953097K [0x00000005a2000000, 0x0000000800000000)
  region size 32768K, 5 young (163840K), 3 survivors (98304K)
 Metaspace       used 151974K, committed 153792K, reserved 1187840K
  class space    used 19445K, committed 20288K, reserved 1048576K
GC Heap History (20 events):
Event: 5544.205 GC heap before
{Heap before GC invocations=595 (full 0):
 garbage-first heap   total 5406720K, used 3439723K [0x00000005a2000000, 0x0000000800000000)
  region size 32768K, 33 young (1081344K), 5 survivors (163840K)
 Metaspace       used 151937K, committed 153792K, reserved 1187840K
  class space    used 19445K, committed 20288K, reserved 1048576K
}
Event: 5544.347 GC heap after
{Heap after GC invocations=596 (full 0):
 garbage-first heap   total 5406720K, used 2534822K [0x00000005a2000000, 0x0000000800000000)
  region size 32768K, 3 young (98304K), 3 survivors (98304K)
 Metaspace       used 151937K, committed 153792K, reserved 1187840K
  class space    used 19445K, committed 20288K, reserved 1048576K
}
Event: 5547.523 GC heap before
{Heap before GC invocations=596 (full 0):
 garbage-first heap   total 5406720K, used 3517862K [0x00000005a2000000, 0x0000000800000000)
  region size 32768K, 33 young (1081344K), 3 survivors (98304K)
 Metaspace       used 151938K, committed 153792K, reserved 1187840K
  class space    used 19445K, committed 20288K, reserved 1048576K
}
Event: 5547.580 GC heap after
{Heap after GC invocations=597 (full 0):
 garbage-first heap   total 5406720K, used 2539461K [0x00000005a2000000, 0x0000000800000000)
  region size 32768K, 3 young (98304K), 3 survivors (98304K)
 Metaspace       used 151938K, committed 153792K, reserved 1187840K
  class space    used 19445K, committed 20288K, reserved 1048576K
}
Event: 5555.439 GC heap before
{Heap before GC invocations=597 (full 0):
 garbage-first heap   total 5406720K, used 3522501K [0x00000005a2000000, 0x0000000800000000)
  region size 32768K, 33 young (1081344K), 3 survivors (98304K)
 Metaspace       used 151962K, committed 153792K, reserved 1187840K
  class space    used 19445K, committed 20288K, reserved 1048576K
}
Event: 5555.488 GC heap after
{Heap after GC invocations=598 (full 0):
 garbage-first heap   total 5406720K, used 2536002K [0x00000005a2000000, 0x0000000800000000)
  region size 32768K, 1 young (32768K), 1 survivors (32768K)
 Metaspace       used 151962K, committed 153792K, reserved 1187840K
  class space    used 19445K, committed 20288K, reserved 1048576K
}
Event: 5557.858 GC heap before
{Heap before GC invocations=598 (full 0):
 garbage-first heap   total 5406720K, used 3584578K [0x00000005a2000000, 0x0000000800000000)
  region size 32768K, 33 young (1081344K), 1 survivors (32768K)
 Metaspace       used 151964K, committed 153792K, reserved 1187840K
  class space    used 19445K, committed 20288K, reserved 1048576K
}
Event: 5557.875 GC heap after
{Heap after GC invocations=599 (full 0):
 garbage-first heap   total 5406720K, used 2533939K [0x00000005a2000000, 0x0000000800000000)
  region size 32768K, 1 young (32768K), 1 survivors (32768K)
 Metaspace       used 151964K, committed 153792K, reserved 1187840K
  class space    used 19445K, committed 20288K, reserved 1048576K
}
Event: 5558.683 GC heap before
{Heap before GC invocations=599 (full 0):
 garbage-first heap   total 5406720K, used 3582515K [0x00000005a2000000, 0x0000000800000000)
  region size 32768K, 33 young (1081344K), 1 survivors (32768K)
 Metaspace       used 151973K, committed 153792K, reserved 1187840K
  class space    used 19445K, committed 20288K, reserved 1048576K
}
Event: 5558.950 GC heap after
{Heap after GC invocations=600 (full 0):
 garbage-first heap   total 5406720K, used 2835384K [0x00000005a2000000, 0x0000000800000000)
  region size 32768K, 5 young (163840K), 5 survivors (163840K)
 Metaspace       used 151973K, committed 153792K, reserved 1187840K
  class space    used 19445K, committed 20288K, reserved 1048576K
}
Event: 5559.700 GC heap before
{Heap before GC invocations=600 (full 0):
 garbage-first heap   total 5406720K, used 3752888K [0x00000005a2000000, 0x0000000800000000)
  region size 32768K, 33 young (1081344K), 5 survivors (163840K)
 Metaspace       used 151973K, committed 153792K, reserved 1187840K
  class space    used 19445K, committed 20288K, reserved 1048576K
}
Event: 5559.849 GC heap after
{Heap after GC invocations=601 (full 0):
 garbage-first heap   total 5406720K, used 2868142K [0x00000005a2000000, 0x0000000800000000)
  region size 32768K, 1 young (32768K), 1 survivors (32768K)
 Metaspace       used 151973K, committed 153792K, reserved 1187840K
  class space    used 19445K, committed 20288K, reserved 1048576K
}
Event: 5560.934 GC heap before
{Heap before GC invocations=601 (full 0):
 garbage-first heap   total 5406720K, used 3916718K [0x00000005a2000000, 0x0000000800000000)
  region size 32768K, 33 young (1081344K), 1 survivors (32768K)
 Metaspace       used 151973K, committed 153792K, reserved 1187840K
  class space    used 19445K, committed 20288K, reserved 1048576K
}
Event: 5560.957 GC heap after
{Heap after GC invocations=602 (full 0):
 garbage-first heap   total 5406720K, used 2878723K [0x00000005a2000000, 0x0000000800000000)
  region size 32768K, 2 young (65536K), 2 survivors (65536K)
 Metaspace       used 151973K, committed 153792K, reserved 1187840K
  class space    used 19445K, committed 20288K, reserved 1048576K
}
Event: 5561.859 GC heap before
{Heap before GC invocations=602 (full 0):
 garbage-first heap   total 5406720K, used 3894531K [0x00000005a2000000, 0x0000000800000000)
  region size 32768K, 33 young (1081344K), 2 survivors (65536K)
 Metaspace       used 151973K, committed 153792K, reserved 1187840K
  class space    used 19445K, committed 20288K, reserved 1048576K
}
Event: 5561.893 GC heap after
{Heap after GC invocations=603 (full 0):
 garbage-first heap   total 5406720K, used 2899292K [0x00000005a2000000, 0x0000000800000000)
  region size 32768K, 2 young (65536K), 2 survivors (65536K)
 Metaspace       used 151973K, committed 153792K, reserved 1187840K
  class space    used 19445K, committed 20288K, reserved 1048576K
}
Event: 5563.793 GC heap before
{Heap before GC invocations=603 (full 0):
 garbage-first heap   total 5406720K, used 3882332K [0x00000005a2000000, 0x0000000800000000)
  region size 32768K, 33 young (1081344K), 2 survivors (65536K)
 Metaspace       used 151973K, committed 153792K, reserved 1187840K
  class space    used 19445K, committed 20288K, reserved 1048576K
}
Event: 5563.845 GC heap after
{Heap after GC invocations=604 (full 0):
 garbage-first heap   total 5406720K, used 2918865K [0x00000005a2000000, 0x0000000800000000)
  region size 32768K, 3 young (98304K), 3 survivors (98304K)
 Metaspace       used 151973K, committed 153792K, reserved 1187840K
  class space    used 19445K, committed 20288K, reserved 1048576K
}
Event: 5569.167 GC heap before
{Heap before GC invocations=604 (full 0):
 garbage-first heap   total 5406720K, used 3869137K [0x00000005a2000000, 0x0000000800000000)
  region size 32768K, 33 young (1081344K), 3 survivors (98304K)
 Metaspace       used 151974K, committed 153792K, reserved 1187840K
  class space    used 19445K, committed 20288K, reserved 1048576K
}
Event: 5569.218 GC heap after
{Heap after GC invocations=605 (full 0):
 garbage-first heap   total 5406720K, used 2920329K [0x00000005a2000000, 0x0000000800000000)
  region size 32768K, 3 young (98304K), 3 survivors (98304K)
 Metaspace       used 151974K, committed 153792K, reserved 1187840K
  class space    used 19445K, committed 20288K, reserved 1048576K
}

